<?xml version="1.0" encoding="UTF-8"?>
<testsuite xmlns:xsi="http://www.w3.org/2001/XMLSchema-instance" xsi:noNamespaceSchemaLocation="https://maven.apache.org/surefire/maven-surefire-plugin/xsd/surefire-test-report.xsd" name="guru.sfg.brewery.web.controllers.api.BeerOrderControllerTest" time="1.093" tests="17" errors="0" skipped="4" failures="7">
  <properties>
[...]
</properties>
  <testcase name="getByOrderIdNotAuth" classname="guru.sfg.brewery.web.controllers.api.BeerOrderControllerTest" time="0.361">
    <failure message="Status expected:&lt;401&gt; but was:&lt;200&gt;" type="java.lang.AssertionError"><![CDATA[java.lang.AssertionError: Status expected:<401> but was:<200>
	at guru.sfg.brewery.web.controllers.api.BeerOrderControllerTest.getByOrderIdNotAuth(BeerOrderControllerTest.java:152)
]]></failure>
    <system-out><![CDATA[2021-04-07 16:31:49.269  INFO 19984 --- [           main] .b.t.c.SpringBootTestContextBootstrapper : Neither @ContextConfiguration nor @ContextHierarchy found for test class [guru.sfg.brewery.web.controllers.api.BeerOrderControllerTest], using SpringBootContextLoader
2021-04-07 16:31:49.270  INFO 19984 --- [           main] o.s.t.c.support.AbstractContextLoader    : Could not detect default resource locations for test class [guru.sfg.brewery.web.controllers.api.BeerOrderControllerTest]: no resource found for suffixes {-context.xml, Context.groovy}.
2021-04-07 16:31:49.271  INFO 19984 --- [           main] t.c.s.AnnotationConfigContextLoaderUtils : Could not detect default configuration classes for test class [guru.sfg.brewery.web.controllers.api.BeerOrderControllerTest]: BeerOrderControllerTest does not declare any static, non-private, non-final, nested classes annotated with @Configuration.
2021-04-07 16:31:49.345  INFO 19984 --- [           main] .b.t.c.SpringBootTestContextBootstrapper : Found @SpringBootConfiguration guru.sfg.brewery.SfgBreweryUiApplication for test class guru.sfg.brewery.web.controllers.api.BeerOrderControllerTest
2021-04-07 16:31:49.348  INFO 19984 --- [           main] .b.t.c.SpringBootTestContextBootstrapper : Loaded default TestExecutionListener class names from location [META-INF/spring.factories]: [org.springframework.boot.test.mock.mockito.MockitoTestExecutionListener, org.springframework.boot.test.mock.mockito.ResetMocksTestExecutionListener, org.springframework.boot.test.autoconfigure.restdocs.RestDocsTestExecutionListener, org.springframework.boot.test.autoconfigure.web.client.MockRestServiceServerResetTestExecutionListener, org.springframework.boot.test.autoconfigure.web.servlet.MockMvcPrintOnlyOnFailureTestExecutionListener, org.springframework.boot.test.autoconfigure.web.servlet.WebDriverTestExecutionListener, org.springframework.boot.test.autoconfigure.webservices.client.MockWebServiceServerTestExecutionListener, org.springframework.test.context.web.ServletTestExecutionListener, org.springframework.test.context.support.DirtiesContextBeforeModesTestExecutionListener, org.springframework.test.context.support.DependencyInjectionTestExecutionListener, org.springframework.test.context.support.DirtiesContextTestExecutionListener, org.springframework.test.context.transaction.TransactionalTestExecutionListener, org.springframework.test.context.jdbc.SqlScriptsTestExecutionListener, org.springframework.test.context.event.EventPublishingTestExecutionListener, org.springframework.security.test.context.support.WithSecurityContextTestExecutionListener, org.springframework.security.test.context.support.ReactorContextTestExecutionListener]
2021-04-07 16:31:49.356  INFO 19984 --- [           main] .b.t.c.SpringBootTestContextBootstrapper : Using TestExecutionListeners: [org.springframework.test.context.web.ServletTestExecutionListener@3c84c32f, org.springframework.test.context.support.DirtiesContextBeforeModesTestExecutionListener@57ac220f, org.springframework.boot.test.mock.mockito.MockitoTestExecutionListener@7e641005, org.springframework.boot.test.autoconfigure.SpringBootDependencyInjectionTestExecutionListener@2ccfd2cb, org.springframework.test.context.support.DirtiesContextTestExecutionListener@36c8e1c6, org.springframework.test.context.transaction.TransactionalTestExecutionListener@42014a, org.springframework.test.context.jdbc.SqlScriptsTestExecutionListener@5e78dd7f, org.springframework.test.context.event.EventPublishingTestExecutionListener@cf315f1, org.springframework.security.test.context.support.WithSecurityContextTestExecutionListener@7d440378, org.springframework.security.test.context.support.ReactorContextTestExecutionListener@6d1c15cb, org.springframework.boot.test.mock.mockito.ResetMocksTestExecutionListener@7597ae32, org.springframework.boot.test.autoconfigure.restdocs.RestDocsTestExecutionListener@615f61ec, org.springframework.boot.test.autoconfigure.web.client.MockRestServiceServerResetTestExecutionListener@3c5de17c, org.springframework.boot.test.autoconfigure.web.servlet.MockMvcPrintOnlyOnFailureTestExecutionListener@31620971, org.springframework.boot.test.autoconfigure.web.servlet.WebDriverTestExecutionListener@794cd751, org.springframework.boot.test.autoconfigure.webservices.client.MockWebServiceServerTestExecutionListener@63069995]
2021-04-07 16:31:49.377  INFO 19984 --- [           main] o.s.t.c.transaction.TransactionContext   : Began transaction (1) for test context [DefaultTestContext@7066c00a testClass = BeerOrderControllerTest, testInstance = guru.sfg.brewery.web.controllers.api.BeerOrderControllerTest@2914f916, testMethod = getByOrderIdNotAuth@BeerOrderControllerTest, testException = [null], mergedContextConfiguration = [WebMergedContextConfiguration@2140de63 testClass = BeerOrderControllerTest, locations = '{}', classes = '{class guru.sfg.brewery.SfgBreweryUiApplication}', contextInitializerClasses = '[]', activeProfiles = '{}', propertySourceLocations = '{}', propertySourceProperties = '{org.springframework.boot.test.context.SpringBootTestContextBootstrapper=true}', contextCustomizers = set[org.springframework.boot.test.context.filter.ExcludeFilterContextCustomizer@45d2ade3, org.springframework.boot.test.json.DuplicateJsonObjectContextCustomizerFactory$DuplicateJsonObjectContextCustomizer@b978d10, org.springframework.boot.test.mock.mockito.MockitoContextCustomizer@0, org.springframework.boot.test.web.client.TestRestTemplateContextCustomizer@4278284b, org.springframework.boot.test.autoconfigure.properties.PropertyMappingContextCustomizer@0, org.springframework.boot.test.autoconfigure.web.servlet.WebDriverContextCustomizerFactory$Customizer@2d6c53fc, org.springframework.boot.test.context.SpringBootTestArgs@1], resourceBasePath = 'src/main/webapp', contextLoader = 'org.springframework.boot.test.context.SpringBootContextLoader', parent = [null]], attributes = map['org.springframework.test.context.web.ServletTestExecutionListener.activateListener' -> true, 'org.springframework.test.context.web.ServletTestExecutionListener.populatedRequestContextHolder' -> true, 'org.springframework.test.context.web.ServletTestExecutionListener.resetRequestContextHolder' -> true]]; transaction manager [org.springframework.orm.jpa.JpaTransactionManager@2693e39c]; rollback [true]
2021-04-07 16:31:49.390  INFO 19984 --- [           main] o.s.b.t.m.w.SpringBootMockServletContext : Initializing Spring TestDispatcherServlet ''
2021-04-07 16:31:49.394  INFO 19984 --- [           main] o.s.t.web.servlet.TestDispatcherServlet  : Initializing Servlet ''
2021-04-07 16:31:49.429  INFO 19984 --- [           main] o.s.t.web.servlet.TestDispatcherServlet  : Completed initialization in 35 ms
2021-04-07 16:31:49.718  INFO 19984 --- [           main] o.s.t.c.transaction.TransactionContext   : Rolled back transaction for test: [DefaultTestContext@7066c00a testClass = BeerOrderControllerTest, testInstance = guru.sfg.brewery.web.controllers.api.BeerOrderControllerTest@2914f916, testMethod = getByOrderIdNotAuth@BeerOrderControllerTest, testException = java.lang.AssertionError: Status expected:<401> but was:<200>, mergedContextConfiguration = [WebMergedContextConfiguration@2140de63 testClass = BeerOrderControllerTest, locations = '{}', classes = '{class guru.sfg.brewery.SfgBreweryUiApplication}', contextInitializerClasses = '[]', activeProfiles = '{}', propertySourceLocations = '{}', propertySourceProperties = '{org.springframework.boot.test.context.SpringBootTestContextBootstrapper=true}', contextCustomizers = set[org.springframework.boot.test.context.filter.ExcludeFilterContextCustomizer@45d2ade3, org.springframework.boot.test.json.DuplicateJsonObjectContextCustomizerFactory$DuplicateJsonObjectContextCustomizer@b978d10, org.springframework.boot.test.mock.mockito.MockitoContextCustomizer@0, org.springframework.boot.test.web.client.TestRestTemplateContextCustomizer@4278284b, org.springframework.boot.test.autoconfigure.properties.PropertyMappingContextCustomizer@0, org.springframework.boot.test.autoconfigure.web.servlet.WebDriverContextCustomizerFactory$Customizer@2d6c53fc, org.springframework.boot.test.context.SpringBootTestArgs@1], resourceBasePath = 'src/main/webapp', contextLoader = 'org.springframework.boot.test.context.SpringBootContextLoader', parent = [null]], attributes = map['org.springframework.test.context.web.ServletTestExecutionListener.activateListener' -> true, 'org.springframework.test.context.web.ServletTestExecutionListener.populatedRequestContextHolder' -> true, 'org.springframework.test.context.web.ServletTestExecutionListener.resetRequestContextHolder' -> true]]
]]></system-out>
  </testcase>
  <testcase name="getByOrderIdCustomerAuth" classname="guru.sfg.brewery.web.controllers.api.BeerOrderControllerTest" time="0.065"/>
  <testcase name="listOrdersNoAuth" classname="guru.sfg.brewery.web.controllers.api.BeerOrderControllerTest" time="0.038">
    <failure message="Status expected:&lt;401&gt; but was:&lt;404&gt;" type="java.lang.AssertionError"><![CDATA[java.lang.AssertionError: Status expected:<401> but was:<404>
	at guru.sfg.brewery.web.controllers.api.BeerOrderControllerTest.listOrdersNoAuth(BeerOrderControllerTest.java:144)
]]></failure>
    <system-out><![CDATA[2021-04-07 16:31:49.790  INFO 19984 --- [           main] o.s.b.t.m.w.SpringBootMockServletContext : Initializing Spring TestDispatcherServlet ''
2021-04-07 16:31:49.791  INFO 19984 --- [           main] o.s.t.web.servlet.TestDispatcherServlet  : Initializing Servlet ''
2021-04-07 16:31:49.793  INFO 19984 --- [           main] o.s.t.web.servlet.TestDispatcherServlet  : Completed initialization in 2 ms
]]></system-out>
  </testcase>
  <testcase name="getByOrderIdADMIN" classname="guru.sfg.brewery.web.controllers.api.BeerOrderControllerTest" time="0.048"/>
  <testcase name="pickUpOrderCustomerUserNOT_AUTH" classname="guru.sfg.brewery.web.controllers.api.BeerOrderControllerTest" time="0">
    <skipped message="void guru.sfg.brewery.web.controllers.api.BeerOrderControllerTest.pickUpOrderCustomerUserNOT_AUTH() is @Disabled"/>
  </testcase>
  <testcase name="createOrderUserAuthCustomer" classname="guru.sfg.brewery.web.controllers.api.BeerOrderControllerTest" time="0.136"/>
  <testcase name="listOrdersAdminAuth" classname="guru.sfg.brewery.web.controllers.api.BeerOrderControllerTest" time="0.068"/>
  <testcase name="createOrderUserAdmin" classname="guru.sfg.brewery.web.controllers.api.BeerOrderControllerTest" time="0.045"/>
  <testcase name="listOrdersCustomerNOTAuth" classname="guru.sfg.brewery.web.controllers.api.BeerOrderControllerTest" time="0.045">
    <failure message="Status expected:&lt;403&gt; but was:&lt;200&gt;" type="java.lang.AssertionError"><![CDATA[java.lang.AssertionError: Status expected:<403> but was:<200>
	at guru.sfg.brewery.web.controllers.api.BeerOrderControllerTest.listOrdersCustomerNOTAuth(BeerOrderControllerTest.java:138)
]]></failure>
    <system-out><![CDATA[2021-04-07 16:31:50.133 DEBUG 19984 --- [           main] g.s.b.security.JpaUserDetailsService     : Getting User info via JPA
2021-04-07 16:31:50.139  INFO 19984 --- [           main] o.s.b.t.m.w.SpringBootMockServletContext : Initializing Spring TestDispatcherServlet ''
2021-04-07 16:31:50.140  INFO 19984 --- [           main] o.s.t.web.servlet.TestDispatcherServlet  : Initializing Servlet ''
2021-04-07 16:31:50.143  INFO 19984 --- [           main] o.s.t.web.servlet.TestDispatcherServlet  : Completed initialization in 2 ms
]]></system-out>
  </testcase>
  <testcase name="pickUpOrderNotAuth" classname="guru.sfg.brewery.web.controllers.api.BeerOrderControllerTest" time="0">
    <skipped message="void guru.sfg.brewery.web.controllers.api.BeerOrderControllerTest.pickUpOrderNotAuth() is @Disabled"/>
  </testcase>
  <testcase name="createOrderUserNOTAuthCustomer" classname="guru.sfg.brewery.web.controllers.api.BeerOrderControllerTest" time="0.04">
    <failure message="Status expected:&lt;403&gt; but was:&lt;201&gt;" type="java.lang.AssertionError"><![CDATA[java.lang.AssertionError: Status expected:<403> but was:<201>
	at guru.sfg.brewery.web.controllers.api.BeerOrderControllerTest.createOrderUserNOTAuthCustomer(BeerOrderControllerTest.java:110)
]]></failure>
    <system-out><![CDATA[2021-04-07 16:31:50.180 DEBUG 19984 --- [           main] g.s.b.security.JpaUserDetailsService     : Getting User info via JPA
2021-04-07 16:31:50.186  INFO 19984 --- [           main] o.s.b.t.m.w.SpringBootMockServletContext : Initializing Spring TestDispatcherServlet ''
2021-04-07 16:31:50.187  INFO 19984 --- [           main] o.s.t.web.servlet.TestDispatcherServlet  : Initializing Servlet ''
2021-04-07 16:31:50.189  INFO 19984 --- [           main] o.s.t.web.servlet.TestDispatcherServlet  : Completed initialization in 2 ms
2021-04-07 16:31:50.213 DEBUG 19984 --- [           main] g.s.b.services.BeerOrderServiceImpl      : Saved Beer Order: 8a1c9cc9-329f-41af-af8d-ba174d50c552
]]></system-out>
  </testcase>
  <testcase name="createOrderNotAuth" classname="guru.sfg.brewery.web.controllers.api.BeerOrderControllerTest" time="0.039">
    <failure message="Status expected:&lt;401&gt; but was:&lt;201&gt;" type="java.lang.AssertionError"><![CDATA[java.lang.AssertionError: Status expected:<401> but was:<201>
	at guru.sfg.brewery.web.controllers.api.BeerOrderControllerTest.createOrderNotAuth(BeerOrderControllerTest.java:71)
]]></failure>
    <system-out><![CDATA[2021-04-07 16:31:50.222  INFO 19984 --- [           main] o.s.b.t.m.w.SpringBootMockServletContext : Initializing Spring TestDispatcherServlet ''
2021-04-07 16:31:50.222  INFO 19984 --- [           main] o.s.t.web.servlet.TestDispatcherServlet  : Initializing Servlet ''
2021-04-07 16:31:50.227  INFO 19984 --- [           main] o.s.t.web.servlet.TestDispatcherServlet  : Completed initialization in 4 ms
2021-04-07 16:31:50.253 DEBUG 19984 --- [           main] g.s.b.services.BeerOrderServiceImpl      : Saved Beer Order: becf2c34-b58a-45f2-842c-78b08d7dfe8d
]]></system-out>
  </testcase>
  <testcase name="listOrdersCustomerAuth" classname="guru.sfg.brewery.web.controllers.api.BeerOrderControllerTest" time="0.046"/>
  <testcase name="pickUpOrderCustomerUserAUTH" classname="guru.sfg.brewery.web.controllers.api.BeerOrderControllerTest" time="0">
    <skipped message="void guru.sfg.brewery.web.controllers.api.BeerOrderControllerTest.pickUpOrderCustomerUserAUTH() is @Disabled"/>
  </testcase>
  <testcase name="listOrdersNotAuth" classname="guru.sfg.brewery.web.controllers.api.BeerOrderControllerTest" time="0.036">
    <failure message="Status expected:&lt;401&gt; but was:&lt;200&gt;" type="java.lang.AssertionError"><![CDATA[java.lang.AssertionError: Status expected:<401> but was:<200>
	at guru.sfg.brewery.web.controllers.api.BeerOrderControllerTest.listOrdersNotAuth(BeerOrderControllerTest.java:117)
]]></failure>
    <system-out><![CDATA[2021-04-07 16:31:50.312  INFO 19984 --- [           main] o.s.b.t.m.w.SpringBootMockServletContext : Initializing Spring TestDispatcherServlet ''
2021-04-07 16:31:50.312  INFO 19984 --- [           main] o.s.t.web.servlet.TestDispatcherServlet  : Initializing Servlet ''
2021-04-07 16:31:50.315  INFO 19984 --- [           main] o.s.t.web.servlet.TestDispatcherServlet  : Completed initialization in 3 ms
]]></system-out>
  </testcase>
  <testcase name="pickUpOrderNotAdminUser" classname="guru.sfg.brewery.web.controllers.api.BeerOrderControllerTest" time="0">
    <skipped message="void guru.sfg.brewery.web.controllers.api.BeerOrderControllerTest.pickUpOrderNotAdminUser() is @Disabled"/>
  </testcase>
  <testcase name="getByOrderIdCustomerNOTAuth" classname="guru.sfg.brewery.web.controllers.api.BeerOrderControllerTest" time="0.047">
    <failure message="Status expected:&lt;403&gt; but was:&lt;200&gt;" type="java.lang.AssertionError"><![CDATA[java.lang.AssertionError: Status expected:<403> but was:<200>
	at guru.sfg.brewery.web.controllers.api.BeerOrderControllerTest.getByOrderIdCustomerNOTAuth(BeerOrderControllerTest.java:182)
]]></failure>
    <system-out><![CDATA[2021-04-07 16:31:50.349  INFO 19984 --- [           main] o.s.t.c.transaction.TransactionContext   : Began transaction (1) for test context [DefaultTestContext@7066c00a testClass = BeerOrderControllerTest, testInstance = guru.sfg.brewery.web.controllers.api.BeerOrderControllerTest@12c1826, testMethod = getByOrderIdCustomerNOTAuth@BeerOrderControllerTest, testException = [null], mergedContextConfiguration = [WebMergedContextConfiguration@2140de63 testClass = BeerOrderControllerTest, locations = '{}', classes = '{class guru.sfg.brewery.SfgBreweryUiApplication}', contextInitializerClasses = '[]', activeProfiles = '{}', propertySourceLocations = '{}', propertySourceProperties = '{org.springframework.boot.test.context.SpringBootTestContextBootstrapper=true}', contextCustomizers = set[org.springframework.boot.test.context.filter.ExcludeFilterContextCustomizer@45d2ade3, org.springframework.boot.test.json.DuplicateJsonObjectContextCustomizerFactory$DuplicateJsonObjectContextCustomizer@b978d10, org.springframework.boot.test.mock.mockito.MockitoContextCustomizer@0, org.springframework.boot.test.web.client.TestRestTemplateContextCustomizer@4278284b, org.springframework.boot.test.autoconfigure.properties.PropertyMappingContextCustomizer@0, org.springframework.boot.test.autoconfigure.web.servlet.WebDriverContextCustomizerFactory$Customizer@2d6c53fc, org.springframework.boot.test.context.SpringBootTestArgs@1], resourceBasePath = 'src/main/webapp', contextLoader = 'org.springframework.boot.test.context.SpringBootContextLoader', parent = [null]], attributes = map['org.springframework.test.context.web.ServletTestExecutionListener.activateListener' -> true, 'org.springframework.test.context.web.ServletTestExecutionListener.populatedRequestContextHolder' -> true, 'org.springframework.test.context.web.ServletTestExecutionListener.resetRequestContextHolder' -> true]]; transaction manager [org.springframework.orm.jpa.JpaTransactionManager@2693e39c]; rollback [true]
2021-04-07 16:31:50.350 DEBUG 19984 --- [           main] g.s.b.security.JpaUserDetailsService     : Getting User info via JPA
2021-04-07 16:31:50.356  INFO 19984 --- [           main] o.s.b.t.m.w.SpringBootMockServletContext : Initializing Spring TestDispatcherServlet ''
2021-04-07 16:31:50.357  INFO 19984 --- [           main] o.s.t.web.servlet.TestDispatcherServlet  : Initializing Servlet ''
2021-04-07 16:31:50.361  INFO 19984 --- [           main] o.s.t.web.servlet.TestDispatcherServlet  : Completed initialization in 3 ms
2021-04-07 16:31:50.383  INFO 19984 --- [           main] o.s.t.c.transaction.TransactionContext   : Rolled back transaction for test: [DefaultTestContext@7066c00a testClass = BeerOrderControllerTest, testInstance = guru.sfg.brewery.web.controllers.api.BeerOrderControllerTest@12c1826, testMethod = getByOrderIdCustomerNOTAuth@BeerOrderControllerTest, testException = java.lang.AssertionError: Status expected:<403> but was:<200>, mergedContextConfiguration = [WebMergedContextConfiguration@2140de63 testClass = BeerOrderControllerTest, locations = '{}', classes = '{class guru.sfg.brewery.SfgBreweryUiApplication}', contextInitializerClasses = '[]', activeProfiles = '{}', propertySourceLocations = '{}', propertySourceProperties = '{org.springframework.boot.test.context.SpringBootTestContextBootstrapper=true}', contextCustomizers = set[org.springframework.boot.test.context.filter.ExcludeFilterContextCustomizer@45d2ade3, org.springframework.boot.test.json.DuplicateJsonObjectContextCustomizerFactory$DuplicateJsonObjectContextCustomizer@b978d10, org.springframework.boot.test.mock.mockito.MockitoContextCustomizer@0, org.springframework.boot.test.web.client.TestRestTemplateContextCustomizer@4278284b, org.springframework.boot.test.autoconfigure.properties.PropertyMappingContextCustomizer@0, org.springframework.boot.test.autoconfigure.web.servlet.WebDriverContextCustomizerFactory$Customizer@2d6c53fc, org.springframework.boot.test.context.SpringBootTestArgs@1], resourceBasePath = 'src/main/webapp', contextLoader = 'org.springframework.boot.test.context.SpringBootContextLoader', parent = [null]], attributes = map['org.springframework.test.context.web.ServletTestExecutionListener.activateListener' -> true, 'org.springframework.test.context.web.ServletTestExecutionListener.populatedRequestContextHolder' -> true, 'org.springframework.test.context.web.ServletTestExecutionListener.resetRequestContextHolder' -> true]]
]]></system-out>
  </testcase>
</testsuite>