<?xml version="1.0" encoding="UTF-8"?>
<testsuite xmlns:xsi="http://www.w3.org/2001/XMLSchema-instance" xsi:noNamespaceSchemaLocation="https://maven.apache.org/surefire/maven-surefire-plugin/xsd/surefire-test-report.xsd" name="guru.sfg.brewery.web.controllers.api.BeerOrderControllerV2Test" time="0.438" tests="8" errors="4" skipped="0" failures="1">
  <properties>
[...]
</properties>
  <testcase name="listOrdersCustomerDunedinAuth" classname="guru.sfg.brewery.web.controllers.api.BeerOrderControllerV2Test" time="0.007"/>
  <testcase name="getByOrderIdNotAuth" classname="guru.sfg.brewery.web.controllers.api.BeerOrderControllerV2Test" time="0.114">
    <error message="Request processing failed; nested exception is org.springframework.expression.spel.SpelEvaluationException: EL1004E: Method call: Method hasAuthority(java.lang.String) cannot be found on type java.lang.Object[]" type="org.springframework.web.util.NestedServletException">org.springframework.web.util.NestedServletException: Request processing failed; nested exception is org.springframework.expression.spel.SpelEvaluationException: EL1004E: Method call: Method hasAuthority(java.lang.String) cannot be found on type java.lang.Object[]
	at guru.sfg.brewery.web.controllers.api.BeerOrderControllerV2Test.getByOrderIdNotAuth(BeerOrderControllerV2Test.java:88)
Caused by: org.springframework.expression.spel.SpelEvaluationException: EL1004E: Method call: Method hasAuthority(java.lang.String) cannot be found on type java.lang.Object[]
	at guru.sfg.brewery.web.controllers.api.BeerOrderControllerV2Test.getByOrderIdNotAuth(BeerOrderControllerV2Test.java:88)
</error>
    <system-out><![CDATA[2021-04-07 16:31:50.469  INFO 19984 --- [           main] o.s.t.c.transaction.TransactionContext   : Began transaction (1) for test context [DefaultTestContext@f9b97dc testClass = BeerOrderControllerV2Test, testInstance = guru.sfg.brewery.web.controllers.api.BeerOrderControllerV2Test@25ea3a5f, testMethod = getByOrderIdNotAuth@BeerOrderControllerV2Test, testException = [null], mergedContextConfiguration = [WebMergedContextConfiguration@5503e208 testClass = BeerOrderControllerV2Test, locations = '{}', classes = '{class guru.sfg.brewery.SfgBreweryUiApplication}', contextInitializerClasses = '[]', activeProfiles = '{}', propertySourceLocations = '{}', propertySourceProperties = '{org.springframework.boot.test.context.SpringBootTestContextBootstrapper=true}', contextCustomizers = set[org.springframework.boot.test.context.filter.ExcludeFilterContextCustomizer@45d2ade3, org.springframework.boot.test.json.DuplicateJsonObjectContextCustomizerFactory$DuplicateJsonObjectContextCustomizer@b978d10, org.springframework.boot.test.mock.mockito.MockitoContextCustomizer@0, org.springframework.boot.test.web.client.TestRestTemplateContextCustomizer@4278284b, org.springframework.boot.test.autoconfigure.properties.PropertyMappingContextCustomizer@0, org.springframework.boot.test.autoconfigure.web.servlet.WebDriverContextCustomizerFactory$Customizer@2d6c53fc, org.springframework.boot.test.context.SpringBootTestArgs@1], resourceBasePath = 'src/main/webapp', contextLoader = 'org.springframework.boot.test.context.SpringBootContextLoader', parent = [null]], attributes = map['org.springframework.test.context.web.ServletTestExecutionListener.activateListener' -> true, 'org.springframework.test.context.web.ServletTestExecutionListener.populatedRequestContextHolder' -> true, 'org.springframework.test.context.web.ServletTestExecutionListener.resetRequestContextHolder' -> true]]; transaction manager [org.springframework.orm.jpa.JpaTransactionManager@2693e39c]; rollback [true]
2021-04-07 16:31:50.472  INFO 19984 --- [           main] o.s.b.t.m.w.SpringBootMockServletContext : Initializing Spring TestDispatcherServlet ''
2021-04-07 16:31:50.472  INFO 19984 --- [           main] o.s.t.web.servlet.TestDispatcherServlet  : Initializing Servlet ''
2021-04-07 16:31:50.474  INFO 19984 --- [           main] o.s.t.web.servlet.TestDispatcherServlet  : Completed initialization in 2 ms
2021-04-07 16:31:50.570  INFO 19984 --- [           main] o.s.t.c.transaction.TransactionContext   : Rolled back transaction for test: [DefaultTestContext@f9b97dc testClass = BeerOrderControllerV2Test, testInstance = guru.sfg.brewery.web.controllers.api.BeerOrderControllerV2Test@25ea3a5f, testMethod = getByOrderIdNotAuth@BeerOrderControllerV2Test, testException = org.springframework.web.util.NestedServletException: Request processing failed; nested exception is org.springframework.expression.spel.SpelEvaluationException: EL1004E: Method call: Method hasAuthority(java.lang.String) cannot be found on type java.lang.Object[], mergedContextConfiguration = [WebMergedContextConfiguration@5503e208 testClass = BeerOrderControllerV2Test, locations = '{}', classes = '{class guru.sfg.brewery.SfgBreweryUiApplication}', contextInitializerClasses = '[]', activeProfiles = '{}', propertySourceLocations = '{}', propertySourceProperties = '{org.springframework.boot.test.context.SpringBootTestContextBootstrapper=true}', contextCustomizers = set[org.springframework.boot.test.context.filter.ExcludeFilterContextCustomizer@45d2ade3, org.springframework.boot.test.json.DuplicateJsonObjectContextCustomizerFactory$DuplicateJsonObjectContextCustomizer@b978d10, org.springframework.boot.test.mock.mockito.MockitoContextCustomizer@0, org.springframework.boot.test.web.client.TestRestTemplateContextCustomizer@4278284b, org.springframework.boot.test.autoconfigure.properties.PropertyMappingContextCustomizer@0, org.springframework.boot.test.autoconfigure.web.servlet.WebDriverContextCustomizerFactory$Customizer@2d6c53fc, org.springframework.boot.test.context.SpringBootTestArgs@1], resourceBasePath = 'src/main/webapp', contextLoader = 'org.springframework.boot.test.context.SpringBootContextLoader', parent = [null]], attributes = map['org.springframework.test.context.web.ServletTestExecutionListener.activateListener' -> true, 'org.springframework.test.context.web.ServletTestExecutionListener.populatedRequestContextHolder' -> true, 'org.springframework.test.context.web.ServletTestExecutionListener.resetRequestContextHolder' -> true]]
]]></system-out>
  </testcase>
  <testcase name="getByOrderIdCustomerAuth" classname="guru.sfg.brewery.web.controllers.api.BeerOrderControllerV2Test" time="0.034">
    <error message="Request processing failed; nested exception is org.springframework.expression.spel.SpelEvaluationException: EL1004E: Method call: Method hasAuthority(java.lang.String) cannot be found on type java.lang.Object[]" type="org.springframework.web.util.NestedServletException">org.springframework.web.util.NestedServletException: Request processing failed; nested exception is org.springframework.expression.spel.SpelEvaluationException: EL1004E: Method call: Method hasAuthority(java.lang.String) cannot be found on type java.lang.Object[]
	at guru.sfg.brewery.web.controllers.api.BeerOrderControllerV2Test.getByOrderIdCustomerAuth(BeerOrderControllerV2Test.java:110)
Caused by: org.springframework.expression.spel.SpelEvaluationException: EL1004E: Method call: Method hasAuthority(java.lang.String) cannot be found on type java.lang.Object[]
	at guru.sfg.brewery.web.controllers.api.BeerOrderControllerV2Test.getByOrderIdCustomerAuth(BeerOrderControllerV2Test.java:110)
</error>
    <system-out><![CDATA[2021-04-07 16:31:50.578  INFO 19984 --- [           main] o.s.t.c.transaction.TransactionContext   : Began transaction (1) for test context [DefaultTestContext@f9b97dc testClass = BeerOrderControllerV2Test, testInstance = guru.sfg.brewery.web.controllers.api.BeerOrderControllerV2Test@55d607b, testMethod = getByOrderIdCustomerAuth@BeerOrderControllerV2Test, testException = [null], mergedContextConfiguration = [WebMergedContextConfiguration@5503e208 testClass = BeerOrderControllerV2Test, locations = '{}', classes = '{class guru.sfg.brewery.SfgBreweryUiApplication}', contextInitializerClasses = '[]', activeProfiles = '{}', propertySourceLocations = '{}', propertySourceProperties = '{org.springframework.boot.test.context.SpringBootTestContextBootstrapper=true}', contextCustomizers = set[org.springframework.boot.test.context.filter.ExcludeFilterContextCustomizer@45d2ade3, org.springframework.boot.test.json.DuplicateJsonObjectContextCustomizerFactory$DuplicateJsonObjectContextCustomizer@b978d10, org.springframework.boot.test.mock.mockito.MockitoContextCustomizer@0, org.springframework.boot.test.web.client.TestRestTemplateContextCustomizer@4278284b, org.springframework.boot.test.autoconfigure.properties.PropertyMappingContextCustomizer@0, org.springframework.boot.test.autoconfigure.web.servlet.WebDriverContextCustomizerFactory$Customizer@2d6c53fc, org.springframework.boot.test.context.SpringBootTestArgs@1], resourceBasePath = 'src/main/webapp', contextLoader = 'org.springframework.boot.test.context.SpringBootContextLoader', parent = [null]], attributes = map['org.springframework.test.context.web.ServletTestExecutionListener.activateListener' -> true, 'org.springframework.test.context.web.ServletTestExecutionListener.populatedRequestContextHolder' -> true, 'org.springframework.test.context.web.ServletTestExecutionListener.resetRequestContextHolder' -> true]]; transaction manager [org.springframework.orm.jpa.JpaTransactionManager@2693e39c]; rollback [true]
2021-04-07 16:31:50.579 DEBUG 19984 --- [           main] g.s.b.security.JpaUserDetailsService     : Getting User info via JPA
2021-04-07 16:31:50.586  INFO 19984 --- [           main] o.s.b.t.m.w.SpringBootMockServletContext : Initializing Spring TestDispatcherServlet ''
2021-04-07 16:31:50.586  INFO 19984 --- [           main] o.s.t.web.servlet.TestDispatcherServlet  : Initializing Servlet ''
2021-04-07 16:31:50.591  INFO 19984 --- [           main] o.s.t.web.servlet.TestDispatcherServlet  : Completed initialization in 5 ms
2021-04-07 16:31:50.609  INFO 19984 --- [           main] o.s.t.c.transaction.TransactionContext   : Rolled back transaction for test: [DefaultTestContext@f9b97dc testClass = BeerOrderControllerV2Test, testInstance = guru.sfg.brewery.web.controllers.api.BeerOrderControllerV2Test@55d607b, testMethod = getByOrderIdCustomerAuth@BeerOrderControllerV2Test, testException = org.springframework.web.util.NestedServletException: Request processing failed; nested exception is org.springframework.expression.spel.SpelEvaluationException: EL1004E: Method call: Method hasAuthority(java.lang.String) cannot be found on type java.lang.Object[], mergedContextConfiguration = [WebMergedContextConfiguration@5503e208 testClass = BeerOrderControllerV2Test, locations = '{}', classes = '{class guru.sfg.brewery.SfgBreweryUiApplication}', contextInitializerClasses = '[]', activeProfiles = '{}', propertySourceLocations = '{}', propertySourceProperties = '{org.springframework.boot.test.context.SpringBootTestContextBootstrapper=true}', contextCustomizers = set[org.springframework.boot.test.context.filter.ExcludeFilterContextCustomizer@45d2ade3, org.springframework.boot.test.json.DuplicateJsonObjectContextCustomizerFactory$DuplicateJsonObjectContextCustomizer@b978d10, org.springframework.boot.test.mock.mockito.MockitoContextCustomizer@0, org.springframework.boot.test.web.client.TestRestTemplateContextCustomizer@4278284b, org.springframework.boot.test.autoconfigure.properties.PropertyMappingContextCustomizer@0, org.springframework.boot.test.autoconfigure.web.servlet.WebDriverContextCustomizerFactory$Customizer@2d6c53fc, org.springframework.boot.test.context.SpringBootTestArgs@1], resourceBasePath = 'src/main/webapp', contextLoader = 'org.springframework.boot.test.context.SpringBootContextLoader', parent = [null]], attributes = map['org.springframework.test.context.web.ServletTestExecutionListener.activateListener' -> true, 'org.springframework.test.context.web.ServletTestExecutionListener.populatedRequestContextHolder' -> true, 'org.springframework.test.context.web.ServletTestExecutionListener.resetRequestContextHolder' -> true]]
]]></system-out>
  </testcase>
  <testcase name="getByOrderIdADMIN" classname="guru.sfg.brewery.web.controllers.api.BeerOrderControllerV2Test" time="0.038">
    <error message="Request processing failed; nested exception is org.springframework.expression.spel.SpelEvaluationException: EL1004E: Method call: Method hasAuthority(java.lang.String) cannot be found on type java.lang.Object[]" type="org.springframework.web.util.NestedServletException">org.springframework.web.util.NestedServletException: Request processing failed; nested exception is org.springframework.expression.spel.SpelEvaluationException: EL1004E: Method call: Method hasAuthority(java.lang.String) cannot be found on type java.lang.Object[]
	at guru.sfg.brewery.web.controllers.api.BeerOrderControllerV2Test.getByOrderIdADMIN(BeerOrderControllerV2Test.java:99)
Caused by: org.springframework.expression.spel.SpelEvaluationException: EL1004E: Method call: Method hasAuthority(java.lang.String) cannot be found on type java.lang.Object[]
	at guru.sfg.brewery.web.controllers.api.BeerOrderControllerV2Test.getByOrderIdADMIN(BeerOrderControllerV2Test.java:99)
</error>
    <system-out><![CDATA[2021-04-07 16:31:50.613  INFO 19984 --- [           main] o.s.t.c.transaction.TransactionContext   : Began transaction (1) for test context [DefaultTestContext@f9b97dc testClass = BeerOrderControllerV2Test, testInstance = guru.sfg.brewery.web.controllers.api.BeerOrderControllerV2Test@7a4efee2, testMethod = getByOrderIdADMIN@BeerOrderControllerV2Test, testException = [null], mergedContextConfiguration = [WebMergedContextConfiguration@5503e208 testClass = BeerOrderControllerV2Test, locations = '{}', classes = '{class guru.sfg.brewery.SfgBreweryUiApplication}', contextInitializerClasses = '[]', activeProfiles = '{}', propertySourceLocations = '{}', propertySourceProperties = '{org.springframework.boot.test.context.SpringBootTestContextBootstrapper=true}', contextCustomizers = set[org.springframework.boot.test.context.filter.ExcludeFilterContextCustomizer@45d2ade3, org.springframework.boot.test.json.DuplicateJsonObjectContextCustomizerFactory$DuplicateJsonObjectContextCustomizer@b978d10, org.springframework.boot.test.mock.mockito.MockitoContextCustomizer@0, org.springframework.boot.test.web.client.TestRestTemplateContextCustomizer@4278284b, org.springframework.boot.test.autoconfigure.properties.PropertyMappingContextCustomizer@0, org.springframework.boot.test.autoconfigure.web.servlet.WebDriverContextCustomizerFactory$Customizer@2d6c53fc, org.springframework.boot.test.context.SpringBootTestArgs@1], resourceBasePath = 'src/main/webapp', contextLoader = 'org.springframework.boot.test.context.SpringBootContextLoader', parent = [null]], attributes = map['org.springframework.test.context.web.ServletTestExecutionListener.activateListener' -> true, 'org.springframework.test.context.web.ServletTestExecutionListener.populatedRequestContextHolder' -> true, 'org.springframework.test.context.web.ServletTestExecutionListener.resetRequestContextHolder' -> true]]; transaction manager [org.springframework.orm.jpa.JpaTransactionManager@2693e39c]; rollback [true]
2021-04-07 16:31:50.615 DEBUG 19984 --- [           main] g.s.b.security.JpaUserDetailsService     : Getting User info via JPA
2021-04-07 16:31:50.619  INFO 19984 --- [           main] o.s.b.t.m.w.SpringBootMockServletContext : Initializing Spring TestDispatcherServlet ''
2021-04-07 16:31:50.620  INFO 19984 --- [           main] o.s.t.web.servlet.TestDispatcherServlet  : Initializing Servlet ''
2021-04-07 16:31:50.622  INFO 19984 --- [           main] o.s.t.web.servlet.TestDispatcherServlet  : Completed initialization in 2 ms
2021-04-07 16:31:50.647  INFO 19984 --- [           main] o.s.t.c.transaction.TransactionContext   : Rolled back transaction for test: [DefaultTestContext@f9b97dc testClass = BeerOrderControllerV2Test, testInstance = guru.sfg.brewery.web.controllers.api.BeerOrderControllerV2Test@7a4efee2, testMethod = getByOrderIdADMIN@BeerOrderControllerV2Test, testException = org.springframework.web.util.NestedServletException: Request processing failed; nested exception is org.springframework.expression.spel.SpelEvaluationException: EL1004E: Method call: Method hasAuthority(java.lang.String) cannot be found on type java.lang.Object[], mergedContextConfiguration = [WebMergedContextConfiguration@5503e208 testClass = BeerOrderControllerV2Test, locations = '{}', classes = '{class guru.sfg.brewery.SfgBreweryUiApplication}', contextInitializerClasses = '[]', activeProfiles = '{}', propertySourceLocations = '{}', propertySourceProperties = '{org.springframework.boot.test.context.SpringBootTestContextBootstrapper=true}', contextCustomizers = set[org.springframework.boot.test.context.filter.ExcludeFilterContextCustomizer@45d2ade3, org.springframework.boot.test.json.DuplicateJsonObjectContextCustomizerFactory$DuplicateJsonObjectContextCustomizer@b978d10, org.springframework.boot.test.mock.mockito.MockitoContextCustomizer@0, org.springframework.boot.test.web.client.TestRestTemplateContextCustomizer@4278284b, org.springframework.boot.test.autoconfigure.properties.PropertyMappingContextCustomizer@0, org.springframework.boot.test.autoconfigure.web.servlet.WebDriverContextCustomizerFactory$Customizer@2d6c53fc, org.springframework.boot.test.context.SpringBootTestArgs@1], resourceBasePath = 'src/main/webapp', contextLoader = 'org.springframework.boot.test.context.SpringBootContextLoader', parent = [null]], attributes = map['org.springframework.test.context.web.ServletTestExecutionListener.activateListener' -> true, 'org.springframework.test.context.web.ServletTestExecutionListener.populatedRequestContextHolder' -> true, 'org.springframework.test.context.web.ServletTestExecutionListener.resetRequestContextHolder' -> true]]
]]></system-out>
  </testcase>
  <testcase name="listOrdersAdminAuth" classname="guru.sfg.brewery.web.controllers.api.BeerOrderControllerV2Test" time="0.059"/>
  <testcase name="listOrdersCustomerAuth" classname="guru.sfg.brewery.web.controllers.api.BeerOrderControllerV2Test" time="0.053"/>
  <testcase name="listOrdersNotAuth" classname="guru.sfg.brewery.web.controllers.api.BeerOrderControllerV2Test" time="0.053">
    <failure message="Status expected:&lt;401&gt; but was:&lt;200&gt;" type="java.lang.AssertionError"><![CDATA[java.lang.AssertionError: Status expected:<401> but was:<200>
	at guru.sfg.brewery.web.controllers.api.BeerOrderControllerV2Test.listOrdersNotAuth(BeerOrderControllerV2Test.java:57)
]]></failure>
    <system-out><![CDATA[2021-04-07 16:31:50.767  INFO 19984 --- [           main] o.s.b.t.m.w.SpringBootMockServletContext : Initializing Spring TestDispatcherServlet ''
2021-04-07 16:31:50.768  INFO 19984 --- [           main] o.s.t.web.servlet.TestDispatcherServlet  : Initializing Servlet ''
2021-04-07 16:31:50.772  INFO 19984 --- [           main] o.s.t.web.servlet.TestDispatcherServlet  : Completed initialization in 4 ms
]]></system-out>
  </testcase>
  <testcase name="getByOrderIdCustomerNOTAuth" classname="guru.sfg.brewery.web.controllers.api.BeerOrderControllerV2Test" time="0.049">
    <error message="Request processing failed; nested exception is org.springframework.expression.spel.SpelEvaluationException: EL1004E: Method call: Method hasAuthority(java.lang.String) cannot be found on type java.lang.Object[]" type="org.springframework.web.util.NestedServletException">org.springframework.web.util.NestedServletException: Request processing failed; nested exception is org.springframework.expression.spel.SpelEvaluationException: EL1004E: Method call: Method hasAuthority(java.lang.String) cannot be found on type java.lang.Object[]
	at guru.sfg.brewery.web.controllers.api.BeerOrderControllerV2Test.getByOrderIdCustomerNOTAuth(BeerOrderControllerV2Test.java:121)
Caused by: org.springframework.expression.spel.SpelEvaluationException: EL1004E: Method call: Method hasAuthority(java.lang.String) cannot be found on type java.lang.Object[]
	at guru.sfg.brewery.web.controllers.api.BeerOrderControllerV2Test.getByOrderIdCustomerNOTAuth(BeerOrderControllerV2Test.java:121)
</error>
    <system-out><![CDATA[2021-04-07 16:31:50.822  INFO 19984 --- [           main] o.s.t.c.transaction.TransactionContext   : Began transaction (1) for test context [DefaultTestContext@f9b97dc testClass = BeerOrderControllerV2Test, testInstance = guru.sfg.brewery.web.controllers.api.BeerOrderControllerV2Test@690337df, testMethod = getByOrderIdCustomerNOTAuth@BeerOrderControllerV2Test, testException = [null], mergedContextConfiguration = [WebMergedContextConfiguration@5503e208 testClass = BeerOrderControllerV2Test, locations = '{}', classes = '{class guru.sfg.brewery.SfgBreweryUiApplication}', contextInitializerClasses = '[]', activeProfiles = '{}', propertySourceLocations = '{}', propertySourceProperties = '{org.springframework.boot.test.context.SpringBootTestContextBootstrapper=true}', contextCustomizers = set[org.springframework.boot.test.context.filter.ExcludeFilterContextCustomizer@45d2ade3, org.springframework.boot.test.json.DuplicateJsonObjectContextCustomizerFactory$DuplicateJsonObjectContextCustomizer@b978d10, org.springframework.boot.test.mock.mockito.MockitoContextCustomizer@0, org.springframework.boot.test.web.client.TestRestTemplateContextCustomizer@4278284b, org.springframework.boot.test.autoconfigure.properties.PropertyMappingContextCustomizer@0, org.springframework.boot.test.autoconfigure.web.servlet.WebDriverContextCustomizerFactory$Customizer@2d6c53fc, org.springframework.boot.test.context.SpringBootTestArgs@1], resourceBasePath = 'src/main/webapp', contextLoader = 'org.springframework.boot.test.context.SpringBootContextLoader', parent = [null]], attributes = map['org.springframework.test.context.web.ServletTestExecutionListener.activateListener' -> true, 'org.springframework.test.context.web.ServletTestExecutionListener.populatedRequestContextHolder' -> true, 'org.springframework.test.context.web.ServletTestExecutionListener.resetRequestContextHolder' -> true]]; transaction manager [org.springframework.orm.jpa.JpaTransactionManager@2693e39c]; rollback [true]
2021-04-07 16:31:50.825 DEBUG 19984 --- [           main] g.s.b.security.JpaUserDetailsService     : Getting User info via JPA
2021-04-07 16:31:50.829  INFO 19984 --- [           main] o.s.b.t.m.w.SpringBootMockServletContext : Initializing Spring TestDispatcherServlet ''
2021-04-07 16:31:50.829  INFO 19984 --- [           main] o.s.t.web.servlet.TestDispatcherServlet  : Initializing Servlet ''
2021-04-07 16:31:50.832  INFO 19984 --- [           main] o.s.t.web.servlet.TestDispatcherServlet  : Completed initialization in 3 ms
2021-04-07 16:31:50.857  INFO 19984 --- [           main] o.s.t.c.transaction.TransactionContext   : Rolled back transaction for test: [DefaultTestContext@f9b97dc testClass = BeerOrderControllerV2Test, testInstance = guru.sfg.brewery.web.controllers.api.BeerOrderControllerV2Test@690337df, testMethod = getByOrderIdCustomerNOTAuth@BeerOrderControllerV2Test, testException = org.springframework.web.util.NestedServletException: Request processing failed; nested exception is org.springframework.expression.spel.SpelEvaluationException: EL1004E: Method call: Method hasAuthority(java.lang.String) cannot be found on type java.lang.Object[], mergedContextConfiguration = [WebMergedContextConfiguration@5503e208 testClass = BeerOrderControllerV2Test, locations = '{}', classes = '{class guru.sfg.brewery.SfgBreweryUiApplication}', contextInitializerClasses = '[]', activeProfiles = '{}', propertySourceLocations = '{}', propertySourceProperties = '{org.springframework.boot.test.context.SpringBootTestContextBootstrapper=true}', contextCustomizers = set[org.springframework.boot.test.context.filter.ExcludeFilterContextCustomizer@45d2ade3, org.springframework.boot.test.json.DuplicateJsonObjectContextCustomizerFactory$DuplicateJsonObjectContextCustomizer@b978d10, org.springframework.boot.test.mock.mockito.MockitoContextCustomizer@0, org.springframework.boot.test.web.client.TestRestTemplateContextCustomizer@4278284b, org.springframework.boot.test.autoconfigure.properties.PropertyMappingContextCustomizer@0, org.springframework.boot.test.autoconfigure.web.servlet.WebDriverContextCustomizerFactory$Customizer@2d6c53fc, org.springframework.boot.test.context.SpringBootTestArgs@1], resourceBasePath = 'src/main/webapp', contextLoader = 'org.springframework.boot.test.context.SpringBootContextLoader', parent = [null]], attributes = map['org.springframework.test.context.web.ServletTestExecutionListener.activateListener' -> true, 'org.springframework.test.context.web.ServletTestExecutionListener.populatedRequestContextHolder' -> true, 'org.springframework.test.context.web.ServletTestExecutionListener.resetRequestContextHolder' -> true]]
]]></system-out>
  </testcase>
</testsuite>